<?xml version="1.0" encoding="UTF-8"?>
<testsuite xmlns:xsi="http://www.w3.org/2001/XMLSchema-instance" xsi:noNamespaceSchemaLocation="https://maven.apache.org/surefire/maven-surefire-plugin/xsd/surefire-test-report-3.0.xsd" version="3.0" name="stepDefinitions.FoodDelivery" time="5.216" tests="7" errors="0" skipped="0" failures="0">
  <properties>
[...]
</properties>
  <testcase name="testCreateOrder" classname="stepDefinitions.FoodDelivery" time="4.675"/>
  <testcase name="testLoginUser" classname="stepDefinitions.FoodDelivery" time="0.058"/>
  <testcase name="testRegisterUser" classname="stepDefinitions.FoodDelivery" time="0.068"/>
  <testcase name="testUpdateUserProfile" classname="stepDefinitions.FoodDelivery" time="0.092"/>
  <testcase name="testDeleteUser" classname="stepDefinitions.FoodDelivery" time="0.03"/>
  <testcase name="testGetRestaurantById" classname="stepDefinitions.FoodDelivery" time="0.044"/>
  <testcase name="testSearchFoodsByName" classname="stepDefinitions.FoodDelivery" time="0.157"/>
</testsuite>